Determining if the function kqueue exists failed with the following output:
Change Dir: /home/marek/code/gary/zmq_comm/target/debug/build/zmq-sys-66865d2f789d4582/out/build/CMakeFiles/CMakeTmp

Run Build Command:"/usr/bin/make" "cmTC_80560/fast"
/usr/bin/make -f CMakeFiles/cmTC_80560.dir/build.make CMakeFiles/cmTC_80560.dir/build
make[1]: Entering directory '/home/marek/code/gary/zmq_comm/target/debug/build/zmq-sys-66865d2f789d4582/out/build/CMakeFiles/CMakeTmp'
Building C object CMakeFiles/cmTC_80560.dir/CheckFunctionExists.c.o
/usr/bin/cc  -I/home/marek/code/gary/zmq_comm/target/debug/build/zmq-sys-66865d2f789d4582/out/build/CMakeFiles/CMakeTmp/sys/event.h  -ffunction-sections -fdata-sections -fPIC -m64 -std=gnu11 -Wno-tautological-constant-compare -DCHECK_FUNCTION_EXISTS=kqueue   -o CMakeFiles/cmTC_80560.dir/CheckFunctionExists.c.o   -c /usr/share/cmake-3.13/Modules/CheckFunctionExists.c
Linking C executable cmTC_80560
/usr/bin/cmake -E cmake_link_script CMakeFiles/cmTC_80560.dir/link.txt --verbose=1
/usr/bin/cc  -ffunction-sections -fdata-sections -fPIC -m64 -std=gnu11 -Wno-tautological-constant-compare -DCHECK_FUNCTION_EXISTS=kqueue    -rdynamic CMakeFiles/cmTC_80560.dir/CheckFunctionExists.c.o  -o cmTC_80560 
/usr/bin/ld: CMakeFiles/cmTC_80560.dir/CheckFunctionExists.c.o: in function `main':
CheckFunctionExists.c:(.text.main+0x10): undefined reference to `kqueue'
collect2: error: ld returned 1 exit status
make[1]: *** [CMakeFiles/cmTC_80560.dir/build.make:87: cmTC_80560] Error 1
make[1]: Leaving directory '/home/marek/code/gary/zmq_comm/target/debug/build/zmq-sys-66865d2f789d4582/out/build/CMakeFiles/CMakeTmp'
make: *** [Makefile:121: cmTC_80560/fast] Error 2


Determining if files windows.h exist failed with the following output:
Change Dir: /home/marek/code/gary/zmq_comm/target/debug/build/zmq-sys-66865d2f789d4582/out/build/CMakeFiles/CMakeTmp

Run Build Command:"/usr/bin/make" "cmTC_ea368/fast"
/usr/bin/make -f CMakeFiles/cmTC_ea368.dir/build.make CMakeFiles/cmTC_ea368.dir/build
make[1]: Entering directory '/home/marek/code/gary/zmq_comm/target/debug/build/zmq-sys-66865d2f789d4582/out/build/CMakeFiles/CMakeTmp'
Building C object CMakeFiles/cmTC_ea368.dir/ZMQ_HAVE_WINDOWS.c.o
/usr/bin/cc   -ffunction-sections -fdata-sections -fPIC -m64 -std=gnu11 -Wno-tautological-constant-compare    -o CMakeFiles/cmTC_ea368.dir/ZMQ_HAVE_WINDOWS.c.o   -c /home/marek/code/gary/zmq_comm/target/debug/build/zmq-sys-66865d2f789d4582/out/build/CMakeFiles/CheckIncludeFiles/ZMQ_HAVE_WINDOWS.c
/home/marek/code/gary/zmq_comm/target/debug/build/zmq-sys-66865d2f789d4582/out/build/CMakeFiles/CheckIncludeFiles/ZMQ_HAVE_WINDOWS.c:2:10: fatal error: windows.h: No such file or directory
 #include <windows.h>
          ^~~~~~~~~~~
compilation terminated.
make[1]: *** [CMakeFiles/cmTC_ea368.dir/build.make:66: CMakeFiles/cmTC_ea368.dir/ZMQ_HAVE_WINDOWS.c.o] Error 1
make[1]: Leaving directory '/home/marek/code/gary/zmq_comm/target/debug/build/zmq-sys-66865d2f789d4582/out/build/CMakeFiles/CMakeTmp'
make: *** [Makefile:121: cmTC_ea368/fast] Error 2

Source:
/* */
#include <windows.h>


int main(void){return 0;}

Determining if the LOCAL_PEERCRED exist failed with the following output:
Change Dir: /home/marek/code/gary/zmq_comm/target/debug/build/zmq-sys-66865d2f789d4582/out/build/CMakeFiles/CMakeTmp

Run Build Command:"/usr/bin/make" "cmTC_b8b0c/fast"
/usr/bin/make -f CMakeFiles/cmTC_b8b0c.dir/build.make CMakeFiles/cmTC_b8b0c.dir/build
make[1]: Entering directory '/home/marek/code/gary/zmq_comm/target/debug/build/zmq-sys-66865d2f789d4582/out/build/CMakeFiles/CMakeTmp'
Building CXX object CMakeFiles/cmTC_b8b0c.dir/CheckSymbolExists.cxx.o
/usr/bin/c++    -ffunction-sections -fdata-sections -fPIC -m64 -std=gnu++11 -Wno-tautological-constant-compare    -o CMakeFiles/cmTC_b8b0c.dir/CheckSymbolExists.cxx.o -c /home/marek/code/gary/zmq_comm/target/debug/build/zmq-sys-66865d2f789d4582/out/build/CMakeFiles/CMakeTmp/CheckSymbolExists.cxx
/home/marek/code/gary/zmq_comm/target/debug/build/zmq-sys-66865d2f789d4582/out/build/CMakeFiles/CMakeTmp/CheckSymbolExists.cxx: In function ‘int main(int, char**)’:
/home/marek/code/gary/zmq_comm/target/debug/build/zmq-sys-66865d2f789d4582/out/build/CMakeFiles/CMakeTmp/CheckSymbolExists.cxx:8:19: error: ‘LOCAL_PEERCRED’ was not declared in this scope
   return ((int*)(&LOCAL_PEERCRED))[argc];
                   ^~~~~~~~~~~~~~
/home/marek/code/gary/zmq_comm/target/debug/build/zmq-sys-66865d2f789d4582/out/build/CMakeFiles/CMakeTmp/CheckSymbolExists.cxx:8:19: note: suggested alternative: ‘SO_PEERCRED’
   return ((int*)(&LOCAL_PEERCRED))[argc];
                   ^~~~~~~~~~~~~~
                   SO_PEERCRED
At global scope:
cc1plus: warning: unrecognized command line option ‘-Wno-tautological-constant-compare’
make[1]: *** [CMakeFiles/cmTC_b8b0c.dir/build.make:66: CMakeFiles/cmTC_b8b0c.dir/CheckSymbolExists.cxx.o] Error 1
make[1]: Leaving directory '/home/marek/code/gary/zmq_comm/target/debug/build/zmq-sys-66865d2f789d4582/out/build/CMakeFiles/CMakeTmp'
make: *** [Makefile:121: cmTC_b8b0c/fast] Error 2

File /home/marek/code/gary/zmq_comm/target/debug/build/zmq-sys-66865d2f789d4582/out/build/CMakeFiles/CMakeTmp/CheckSymbolExists.cxx:
/* */
#include <sys/socket.h>

int main(int argc, char** argv)
{
  (void)argv;
#ifndef LOCAL_PEERCRED
  return ((int*)(&LOCAL_PEERCRED))[argc];
#else
  (void)argc;
  return 0;
#endif
}

Determining if the pthread_create exist failed with the following output:
Change Dir: /home/marek/code/gary/zmq_comm/target/debug/build/zmq-sys-66865d2f789d4582/out/build/CMakeFiles/CMakeTmp

Run Build Command:"/usr/bin/make" "cmTC_62d2a/fast"
/usr/bin/make -f CMakeFiles/cmTC_62d2a.dir/build.make CMakeFiles/cmTC_62d2a.dir/build
make[1]: Entering directory '/home/marek/code/gary/zmq_comm/target/debug/build/zmq-sys-66865d2f789d4582/out/build/CMakeFiles/CMakeTmp'
Building C object CMakeFiles/cmTC_62d2a.dir/CheckSymbolExists.c.o
/usr/bin/cc   -ffunction-sections -fdata-sections -fPIC -m64 -std=gnu11 -Wno-tautological-constant-compare    -o CMakeFiles/cmTC_62d2a.dir/CheckSymbolExists.c.o   -c /home/marek/code/gary/zmq_comm/target/debug/build/zmq-sys-66865d2f789d4582/out/build/CMakeFiles/CMakeTmp/CheckSymbolExists.c
Linking C executable cmTC_62d2a
/usr/bin/cmake -E cmake_link_script CMakeFiles/cmTC_62d2a.dir/link.txt --verbose=1
/usr/bin/cc  -ffunction-sections -fdata-sections -fPIC -m64 -std=gnu11 -Wno-tautological-constant-compare     -rdynamic CMakeFiles/cmTC_62d2a.dir/CheckSymbolExists.c.o  -o cmTC_62d2a 
/usr/bin/ld: CMakeFiles/cmTC_62d2a.dir/CheckSymbolExists.c.o: in function `main':
CheckSymbolExists.c:(.text.main+0x1b): undefined reference to `pthread_create'
collect2: error: ld returned 1 exit status
make[1]: *** [CMakeFiles/cmTC_62d2a.dir/build.make:87: cmTC_62d2a] Error 1
make[1]: Leaving directory '/home/marek/code/gary/zmq_comm/target/debug/build/zmq-sys-66865d2f789d4582/out/build/CMakeFiles/CMakeTmp'
make: *** [Makefile:121: cmTC_62d2a/fast] Error 2

File /home/marek/code/gary/zmq_comm/target/debug/build/zmq-sys-66865d2f789d4582/out/build/CMakeFiles/CMakeTmp/CheckSymbolExists.c:
/* */
#include <pthread.h>

int main(int argc, char** argv)
{
  (void)argv;
#ifndef pthread_create
  return ((int*)(&pthread_create))[argc];
#else
  (void)argc;
  return 0;
#endif
}

Determining if the function pthread_create exists in the pthreads failed with the following output:
Change Dir: /home/marek/code/gary/zmq_comm/target/debug/build/zmq-sys-66865d2f789d4582/out/build/CMakeFiles/CMakeTmp

Run Build Command:"/usr/bin/make" "cmTC_6c396/fast"
/usr/bin/make -f CMakeFiles/cmTC_6c396.dir/build.make CMakeFiles/cmTC_6c396.dir/build
make[1]: Entering directory '/home/marek/code/gary/zmq_comm/target/debug/build/zmq-sys-66865d2f789d4582/out/build/CMakeFiles/CMakeTmp'
Building C object CMakeFiles/cmTC_6c396.dir/CheckFunctionExists.c.o
/usr/bin/cc   -ffunction-sections -fdata-sections -fPIC -m64 -std=gnu11 -Wno-tautological-constant-compare -DCHECK_FUNCTION_EXISTS=pthread_create   -o CMakeFiles/cmTC_6c396.dir/CheckFunctionExists.c.o   -c /usr/share/cmake-3.13/Modules/CheckFunctionExists.c
Linking C executable cmTC_6c396
/usr/bin/cmake -E cmake_link_script CMakeFiles/cmTC_6c396.dir/link.txt --verbose=1
/usr/bin/cc  -ffunction-sections -fdata-sections -fPIC -m64 -std=gnu11 -Wno-tautological-constant-compare -DCHECK_FUNCTION_EXISTS=pthread_create    -rdynamic CMakeFiles/cmTC_6c396.dir/CheckFunctionExists.c.o  -o cmTC_6c396 -lpthreads 
/usr/bin/ld: cannot find -lpthreads
collect2: error: ld returned 1 exit status
make[1]: *** [CMakeFiles/cmTC_6c396.dir/build.make:87: cmTC_6c396] Error 1
make[1]: Leaving directory '/home/marek/code/gary/zmq_comm/target/debug/build/zmq-sys-66865d2f789d4582/out/build/CMakeFiles/CMakeTmp'
make: *** [Makefile:121: cmTC_6c396/fast] Error 2


Determining if the function gethrtime exists failed with the following output:
Change Dir: /home/marek/code/gary/zmq_comm/target/debug/build/zmq-sys-66865d2f789d4582/out/build/CMakeFiles/CMakeTmp

Run Build Command:"/usr/bin/make" "cmTC_d03a1/fast"
/usr/bin/make -f CMakeFiles/cmTC_d03a1.dir/build.make CMakeFiles/cmTC_d03a1.dir/build
make[1]: Entering directory '/home/marek/code/gary/zmq_comm/target/debug/build/zmq-sys-66865d2f789d4582/out/build/CMakeFiles/CMakeTmp'
Building C object CMakeFiles/cmTC_d03a1.dir/CheckFunctionExists.c.o
/usr/bin/cc  -I/home/marek/code/gary/zmq_comm/target/debug/build/zmq-sys-66865d2f789d4582/out/build/CMakeFiles/CMakeTmp/sys/time.h  -ffunction-sections -fdata-sections -fPIC -m64 -std=gnu11 -Wno-tautological-constant-compare -DCHECK_FUNCTION_EXISTS=gethrtime   -o CMakeFiles/cmTC_d03a1.dir/CheckFunctionExists.c.o   -c /usr/share/cmake-3.13/Modules/CheckFunctionExists.c
Linking C executable cmTC_d03a1
/usr/bin/cmake -E cmake_link_script CMakeFiles/cmTC_d03a1.dir/link.txt --verbose=1
/usr/bin/cc  -ffunction-sections -fdata-sections -fPIC -m64 -std=gnu11 -Wno-tautological-constant-compare -DCHECK_FUNCTION_EXISTS=gethrtime    -rdynamic CMakeFiles/cmTC_d03a1.dir/CheckFunctionExists.c.o  -o cmTC_d03a1 
/usr/bin/ld: CMakeFiles/cmTC_d03a1.dir/CheckFunctionExists.c.o: in function `main':
CheckFunctionExists.c:(.text.main+0x10): undefined reference to `gethrtime'
collect2: error: ld returned 1 exit status
make[1]: *** [CMakeFiles/cmTC_d03a1.dir/build.make:87: cmTC_d03a1] Error 1
make[1]: Leaving directory '/home/marek/code/gary/zmq_comm/target/debug/build/zmq-sys-66865d2f789d4582/out/build/CMakeFiles/CMakeTmp'
make: *** [Makefile:121: cmTC_d03a1/fast] Error 2


Performing C++ SOURCE FILE Test HAVE_FLAG_-Wall failed with the following output:
Change Dir: /home/marek/code/gary/zmq_comm/target/debug/build/zmq-sys-66865d2f789d4582/out/build/CMakeFiles/CMakeTmp

Run Build Command:"/usr/bin/make" "cmTC_991d9/fast"
/usr/bin/make -f CMakeFiles/cmTC_991d9.dir/build.make CMakeFiles/cmTC_991d9.dir/build
make[1]: Entering directory '/home/marek/code/gary/zmq_comm/target/debug/build/zmq-sys-66865d2f789d4582/out/build/CMakeFiles/CMakeTmp'
Building CXX object CMakeFiles/cmTC_991d9.dir/src.cxx.o
/usr/bin/c++    -ffunction-sections -fdata-sections -fPIC -m64 -std=gnu++11 -Wno-tautological-constant-compare -DHAVE_FLAG_-Wall   -Wall -o CMakeFiles/cmTC_991d9.dir/src.cxx.o -c /home/marek/code/gary/zmq_comm/target/debug/build/zmq-sys-66865d2f789d4582/out/build/CMakeFiles/CMakeTmp/src.cxx
<command-line>: warning: ISO C++11 requires whitespace after the macro name
cc1plus: warning: unrecognized command line option '-Wno-tautological-constant-compare'
Linking CXX executable cmTC_991d9
/usr/bin/cmake -E cmake_link_script CMakeFiles/cmTC_991d9.dir/link.txt --verbose=1
/usr/bin/c++   -ffunction-sections -fdata-sections -fPIC -m64 -std=gnu++11 -Wno-tautological-constant-compare -DHAVE_FLAG_-Wall    -rdynamic CMakeFiles/cmTC_991d9.dir/src.cxx.o  -o cmTC_991d9 
make[1]: Leaving directory '/home/marek/code/gary/zmq_comm/target/debug/build/zmq-sys-66865d2f789d4582/out/build/CMakeFiles/CMakeTmp'

Source file was:
int main() { return 0; }
Performing C++ SOURCE FILE Test HAVE_FLAG_-Wextra failed with the following output:
Change Dir: /home/marek/code/gary/zmq_comm/target/debug/build/zmq-sys-66865d2f789d4582/out/build/CMakeFiles/CMakeTmp

Run Build Command:"/usr/bin/make" "cmTC_0f374/fast"
/usr/bin/make -f CMakeFiles/cmTC_0f374.dir/build.make CMakeFiles/cmTC_0f374.dir/build
make[1]: Entering directory '/home/marek/code/gary/zmq_comm/target/debug/build/zmq-sys-66865d2f789d4582/out/build/CMakeFiles/CMakeTmp'
Building CXX object CMakeFiles/cmTC_0f374.dir/src.cxx.o
/usr/bin/c++    -ffunction-sections -fdata-sections -fPIC -m64 -std=gnu++11 -Wno-tautological-constant-compare -DHAVE_FLAG_-Wextra   -Wextra -o CMakeFiles/cmTC_0f374.dir/src.cxx.o -c /home/marek/code/gary/zmq_comm/target/debug/build/zmq-sys-66865d2f789d4582/out/build/CMakeFiles/CMakeTmp/src.cxx
<command-line>: warning: ISO C++11 requires whitespace after the macro name
cc1plus: warning: unrecognized command line option '-Wno-tautological-constant-compare'
Linking CXX executable cmTC_0f374
/usr/bin/cmake -E cmake_link_script CMakeFiles/cmTC_0f374.dir/link.txt --verbose=1
/usr/bin/c++   -ffunction-sections -fdata-sections -fPIC -m64 -std=gnu++11 -Wno-tautological-constant-compare -DHAVE_FLAG_-Wextra    -rdynamic CMakeFiles/cmTC_0f374.dir/src.cxx.o  -o cmTC_0f374 
make[1]: Leaving directory '/home/marek/code/gary/zmq_comm/target/debug/build/zmq-sys-66865d2f789d4582/out/build/CMakeFiles/CMakeTmp'

Source file was:
int main() { return 0; }
Performing C++ SOURCE FILE Test HAVE_FLAG_-Wno-long-long failed with the following output:
Change Dir: /home/marek/code/gary/zmq_comm/target/debug/build/zmq-sys-66865d2f789d4582/out/build/CMakeFiles/CMakeTmp

Run Build Command:"/usr/bin/make" "cmTC_0e32e/fast"
/usr/bin/make -f CMakeFiles/cmTC_0e32e.dir/build.make CMakeFiles/cmTC_0e32e.dir/build
make[1]: Entering directory '/home/marek/code/gary/zmq_comm/target/debug/build/zmq-sys-66865d2f789d4582/out/build/CMakeFiles/CMakeTmp'
Building CXX object CMakeFiles/cmTC_0e32e.dir/src.cxx.o
/usr/bin/c++    -ffunction-sections -fdata-sections -fPIC -m64 -std=gnu++11 -Wno-tautological-constant-compare -DHAVE_FLAG_-Wno-long-long   -Wno-long-long -o CMakeFiles/cmTC_0e32e.dir/src.cxx.o -c /home/marek/code/gary/zmq_comm/target/debug/build/zmq-sys-66865d2f789d4582/out/build/CMakeFiles/CMakeTmp/src.cxx
<command-line>: warning: ISO C++11 requires whitespace after the macro name
cc1plus: warning: unrecognized command line option '-Wno-tautological-constant-compare'
Linking CXX executable cmTC_0e32e
/usr/bin/cmake -E cmake_link_script CMakeFiles/cmTC_0e32e.dir/link.txt --verbose=1
/usr/bin/c++   -ffunction-sections -fdata-sections -fPIC -m64 -std=gnu++11 -Wno-tautological-constant-compare -DHAVE_FLAG_-Wno-long-long    -rdynamic CMakeFiles/cmTC_0e32e.dir/src.cxx.o  -o cmTC_0e32e 
make[1]: Leaving directory '/home/marek/code/gary/zmq_comm/target/debug/build/zmq-sys-66865d2f789d4582/out/build/CMakeFiles/CMakeTmp'

Source file was:
int main() { return 0; }
Performing C++ SOURCE FILE Test HAVE_FLAG_-Wno-uninitialized failed with the following output:
Change Dir: /home/marek/code/gary/zmq_comm/target/debug/build/zmq-sys-66865d2f789d4582/out/build/CMakeFiles/CMakeTmp

Run Build Command:"/usr/bin/make" "cmTC_f5418/fast"
/usr/bin/make -f CMakeFiles/cmTC_f5418.dir/build.make CMakeFiles/cmTC_f5418.dir/build
make[1]: Entering directory '/home/marek/code/gary/zmq_comm/target/debug/build/zmq-sys-66865d2f789d4582/out/build/CMakeFiles/CMakeTmp'
Building CXX object CMakeFiles/cmTC_f5418.dir/src.cxx.o
/usr/bin/c++    -ffunction-sections -fdata-sections -fPIC -m64 -std=gnu++11 -Wno-tautological-constant-compare -DHAVE_FLAG_-Wno-uninitialized   -Wno-uninitialized -o CMakeFiles/cmTC_f5418.dir/src.cxx.o -c /home/marek/code/gary/zmq_comm/target/debug/build/zmq-sys-66865d2f789d4582/out/build/CMakeFiles/CMakeTmp/src.cxx
<command-line>: warning: ISO C++11 requires whitespace after the macro name
cc1plus: warning: unrecognized command line option '-Wno-tautological-constant-compare'
Linking CXX executable cmTC_f5418
/usr/bin/cmake -E cmake_link_script CMakeFiles/cmTC_f5418.dir/link.txt --verbose=1
/usr/bin/c++   -ffunction-sections -fdata-sections -fPIC -m64 -std=gnu++11 -Wno-tautological-constant-compare -DHAVE_FLAG_-Wno-uninitialized    -rdynamic CMakeFiles/cmTC_f5418.dir/src.cxx.o  -o cmTC_f5418 
make[1]: Leaving directory '/home/marek/code/gary/zmq_comm/target/debug/build/zmq-sys-66865d2f789d4582/out/build/CMakeFiles/CMakeTmp'

Source file was:
int main() { return 0; }
Performing C++ SOURCE FILE Test HAVE_FLAG_-pedantic failed with the following output:
Change Dir: /home/marek/code/gary/zmq_comm/target/debug/build/zmq-sys-66865d2f789d4582/out/build/CMakeFiles/CMakeTmp

Run Build Command:"/usr/bin/make" "cmTC_6b588/fast"
/usr/bin/make -f CMakeFiles/cmTC_6b588.dir/build.make CMakeFiles/cmTC_6b588.dir/build
make[1]: Entering directory '/home/marek/code/gary/zmq_comm/target/debug/build/zmq-sys-66865d2f789d4582/out/build/CMakeFiles/CMakeTmp'
Building CXX object CMakeFiles/cmTC_6b588.dir/src.cxx.o
/usr/bin/c++    -ffunction-sections -fdata-sections -fPIC -m64 -std=gnu++11 -Wno-tautological-constant-compare -DHAVE_FLAG_-pedantic   -pedantic -o CMakeFiles/cmTC_6b588.dir/src.cxx.o -c /home/marek/code/gary/zmq_comm/target/debug/build/zmq-sys-66865d2f789d4582/out/build/CMakeFiles/CMakeTmp/src.cxx
<command-line>: warning: ISO C++11 requires whitespace after the macro name
cc1plus: warning: unrecognized command line option '-Wno-tautological-constant-compare'
Linking CXX executable cmTC_6b588
/usr/bin/cmake -E cmake_link_script CMakeFiles/cmTC_6b588.dir/link.txt --verbose=1
/usr/bin/c++   -ffunction-sections -fdata-sections -fPIC -m64 -std=gnu++11 -Wno-tautological-constant-compare -DHAVE_FLAG_-pedantic    -rdynamic CMakeFiles/cmTC_6b588.dir/src.cxx.o  -o cmTC_6b588 
make[1]: Leaving directory '/home/marek/code/gary/zmq_comm/target/debug/build/zmq-sys-66865d2f789d4582/out/build/CMakeFiles/CMakeTmp'

Source file was:
int main() { return 0; }
Performing C SOURCE FILE Test ZMQ_HAVE_TCP_KEEPALIVE failed with the following compile output:
Change Dir: /home/marek/code/gary/zmq_comm/target/debug/build/zmq-sys-66865d2f789d4582/out/build/CMakeFiles/CMakeTmp

Run Build Command:"/usr/bin/make" "cmTC_d748d/fast"
/usr/bin/make -f CMakeFiles/cmTC_d748d.dir/build.make CMakeFiles/cmTC_d748d.dir/build
make[1]: Entering directory '/home/marek/code/gary/zmq_comm/target/debug/build/zmq-sys-66865d2f789d4582/out/build/CMakeFiles/CMakeTmp'
Building C object CMakeFiles/cmTC_d748d.dir/src.c.o
/usr/bin/cc   -ffunction-sections -fdata-sections -fPIC -m64 -std=gnu11 -Wno-tautological-constant-compare -DZMQ_HAVE_TCP_KEEPALIVE   -o CMakeFiles/cmTC_d748d.dir/src.c.o   -c /home/marek/code/gary/zmq_comm/target/debug/build/zmq-sys-66865d2f789d4582/out/build/CMakeFiles/CMakeTmp/src.c
/home/marek/code/gary/zmq_comm/target/debug/build/zmq-sys-66865d2f789d4582/out/build/CMakeFiles/CMakeTmp/src.c: In function ‘main’:
/home/marek/code/gary/zmq_comm/target/debug/build/zmq-sys-66865d2f789d4582/out/build/CMakeFiles/CMakeTmp/src.c:13:42: error: ‘TCP_KEEPALIVE’ undeclared (first use in this function); did you mean ‘SO_KEEPALIVE’?
        ((rc = setsockopt(s, IPPROTO_TCP, TCP_KEEPALIVE,(char*) &opt, sizeof(int))) == -1)
                                          ^~~~~~~~~~~~~
                                          SO_KEEPALIVE
/home/marek/code/gary/zmq_comm/target/debug/build/zmq-sys-66865d2f789d4582/out/build/CMakeFiles/CMakeTmp/src.c:13:42: note: each undeclared identifier is reported only once for each function it appears in
/home/marek/code/gary/zmq_comm/target/debug/build/zmq-sys-66865d2f789d4582/out/build/CMakeFiles/CMakeTmp/src.c: At top level:
cc1: warning: unrecognized command line option ‘-Wno-tautological-constant-compare’
make[1]: *** [CMakeFiles/cmTC_d748d.dir/build.make:66: CMakeFiles/cmTC_d748d.dir/src.c.o] Error 1
make[1]: Leaving directory '/home/marek/code/gary/zmq_comm/target/debug/build/zmq-sys-66865d2f789d4582/out/build/CMakeFiles/CMakeTmp'
make: *** [Makefile:121: cmTC_d748d/fast] Error 2

...and run output:

Return value: 1
Source file was:

#include <sys/types.h>
#include <sys/socket.h>
#include <netinet/in.h>
#include <netinet/tcp.h>

int main(int argc, char *argv [])
{
    int s, rc, opt = 1;
    return(
       ((s = socket(PF_INET, SOCK_STREAM, 0)) == -1) ||
       ((rc = setsockopt(s, SOL_SOCKET, SO_KEEPALIVE,(char*) &opt, sizeof(int))) == -1) ||
       ((rc = setsockopt(s, IPPROTO_TCP, TCP_KEEPALIVE,(char*) &opt, sizeof(int))) == -1)
    );
}

Performing C SOURCE FILE Test ZMQ_HAVE_PTHREAD_SETNAME_1 failed with the following compile output:
Change Dir: /home/marek/code/gary/zmq_comm/target/debug/build/zmq-sys-66865d2f789d4582/out/build/CMakeFiles/CMakeTmp

Run Build Command:"/usr/bin/make" "cmTC_6d854/fast"
/usr/bin/make -f CMakeFiles/cmTC_6d854.dir/build.make CMakeFiles/cmTC_6d854.dir/build
make[1]: Entering directory '/home/marek/code/gary/zmq_comm/target/debug/build/zmq-sys-66865d2f789d4582/out/build/CMakeFiles/CMakeTmp'
Building C object CMakeFiles/cmTC_6d854.dir/src.c.o
/usr/bin/cc   -ffunction-sections -fdata-sections -fPIC -m64 -std=gnu11 -Wno-tautological-constant-compare -DZMQ_HAVE_PTHREAD_SETNAME_1 -D_GNU_SOURCE -Werror -pthread   -o CMakeFiles/cmTC_6d854.dir/src.c.o   -c /home/marek/code/gary/zmq_comm/target/debug/build/zmq-sys-66865d2f789d4582/out/build/CMakeFiles/CMakeTmp/src.c
/home/marek/code/gary/zmq_comm/target/debug/build/zmq-sys-66865d2f789d4582/out/build/CMakeFiles/CMakeTmp/src.c: In function ‘main’:
/home/marek/code/gary/zmq_comm/target/debug/build/zmq-sys-66865d2f789d4582/out/build/CMakeFiles/CMakeTmp/src.c:6:25: error: passing argument 1 of ‘pthread_setname_np’ makes integer from pointer without a cast [-Werror=int-conversion]
     pthread_setname_np ("foo");
                         ^~~~~
In file included from /home/marek/code/gary/zmq_comm/target/debug/build/zmq-sys-66865d2f789d4582/out/build/CMakeFiles/CMakeTmp/src.c:2:
/usr/include/pthread.h:452:42: note: expected ‘pthread_t’ {aka ‘long unsigned int’} but argument is of type ‘char *’
 extern int pthread_setname_np (pthread_t __target_thread, const char *__name)
                                ~~~~~~~~~~^~~~~~~~~~~~~~~
/home/marek/code/gary/zmq_comm/target/debug/build/zmq-sys-66865d2f789d4582/out/build/CMakeFiles/CMakeTmp/src.c:6:5: error: too few arguments to function ‘pthread_setname_np’
     pthread_setname_np ("foo");
     ^~~~~~~~~~~~~~~~~~
In file included from /home/marek/code/gary/zmq_comm/target/debug/build/zmq-sys-66865d2f789d4582/out/build/CMakeFiles/CMakeTmp/src.c:2:
/usr/include/pthread.h:452:12: note: declared here
 extern int pthread_setname_np (pthread_t __target_thread, const char *__name)
            ^~~~~~~~~~~~~~~~~~
/home/marek/code/gary/zmq_comm/target/debug/build/zmq-sys-66865d2f789d4582/out/build/CMakeFiles/CMakeTmp/src.c: At top level:
cc1: error: unrecognized command line option ‘-Wno-tautological-constant-compare’ [-Werror]
cc1: all warnings being treated as errors
make[1]: *** [CMakeFiles/cmTC_6d854.dir/build.make:66: CMakeFiles/cmTC_6d854.dir/src.c.o] Error 1
make[1]: Leaving directory '/home/marek/code/gary/zmq_comm/target/debug/build/zmq-sys-66865d2f789d4582/out/build/CMakeFiles/CMakeTmp'
make: *** [Makefile:121: cmTC_6d854/fast] Error 2

...and run output:

Return value: 1
Source file was:

#include <pthread.h>

int main(int argc, char *argv [])
{
    pthread_setname_np ("foo");
    return 0;
}

Performing C SOURCE FILE Test ZMQ_HAVE_PTHREAD_SETNAME_3 failed with the following compile output:
Change Dir: /home/marek/code/gary/zmq_comm/target/debug/build/zmq-sys-66865d2f789d4582/out/build/CMakeFiles/CMakeTmp

Run Build Command:"/usr/bin/make" "cmTC_3b179/fast"
/usr/bin/make -f CMakeFiles/cmTC_3b179.dir/build.make CMakeFiles/cmTC_3b179.dir/build
make[1]: Entering directory '/home/marek/code/gary/zmq_comm/target/debug/build/zmq-sys-66865d2f789d4582/out/build/CMakeFiles/CMakeTmp'
Building C object CMakeFiles/cmTC_3b179.dir/src.c.o
/usr/bin/cc   -ffunction-sections -fdata-sections -fPIC -m64 -std=gnu11 -Wno-tautological-constant-compare -DZMQ_HAVE_PTHREAD_SETNAME_3 -D_GNU_SOURCE -Werror -pthread   -o CMakeFiles/cmTC_3b179.dir/src.c.o   -c /home/marek/code/gary/zmq_comm/target/debug/build/zmq-sys-66865d2f789d4582/out/build/CMakeFiles/CMakeTmp/src.c
/home/marek/code/gary/zmq_comm/target/debug/build/zmq-sys-66865d2f789d4582/out/build/CMakeFiles/CMakeTmp/src.c: In function ‘main’:
/home/marek/code/gary/zmq_comm/target/debug/build/zmq-sys-66865d2f789d4582/out/build/CMakeFiles/CMakeTmp/src.c:6:5: error: too many arguments to function ‘pthread_setname_np’
     pthread_setname_np (pthread_self(), "foo", (void *)0);
     ^~~~~~~~~~~~~~~~~~
In file included from /home/marek/code/gary/zmq_comm/target/debug/build/zmq-sys-66865d2f789d4582/out/build/CMakeFiles/CMakeTmp/src.c:2:
/usr/include/pthread.h:452:12: note: declared here
 extern int pthread_setname_np (pthread_t __target_thread, const char *__name)
            ^~~~~~~~~~~~~~~~~~
/home/marek/code/gary/zmq_comm/target/debug/build/zmq-sys-66865d2f789d4582/out/build/CMakeFiles/CMakeTmp/src.c: At top level:
cc1: error: unrecognized command line option ‘-Wno-tautological-constant-compare’ [-Werror]
cc1: all warnings being treated as errors
make[1]: *** [CMakeFiles/cmTC_3b179.dir/build.make:66: CMakeFiles/cmTC_3b179.dir/src.c.o] Error 1
make[1]: Leaving directory '/home/marek/code/gary/zmq_comm/target/debug/build/zmq-sys-66865d2f789d4582/out/build/CMakeFiles/CMakeTmp'
make: *** [Makefile:121: cmTC_3b179/fast] Error 2

...and run output:

Return value: 1
Source file was:

#include <pthread.h>

int main(int argc, char *argv [])
{
    pthread_setname_np (pthread_self(), "foo", (void *)0);
    return 0;
}

Performing C SOURCE FILE Test ZMQ_HAVE_PTHREAD_SET_NAME failed with the following compile output:
Change Dir: /home/marek/code/gary/zmq_comm/target/debug/build/zmq-sys-66865d2f789d4582/out/build/CMakeFiles/CMakeTmp

Run Build Command:"/usr/bin/make" "cmTC_527e2/fast"
/usr/bin/make -f CMakeFiles/cmTC_527e2.dir/build.make CMakeFiles/cmTC_527e2.dir/build
make[1]: Entering directory '/home/marek/code/gary/zmq_comm/target/debug/build/zmq-sys-66865d2f789d4582/out/build/CMakeFiles/CMakeTmp'
Building C object CMakeFiles/cmTC_527e2.dir/src.c.o
/usr/bin/cc   -ffunction-sections -fdata-sections -fPIC -m64 -std=gnu11 -Wno-tautological-constant-compare -DZMQ_HAVE_PTHREAD_SET_NAME -D_GNU_SOURCE -Werror -pthread   -o CMakeFiles/cmTC_527e2.dir/src.c.o   -c /home/marek/code/gary/zmq_comm/target/debug/build/zmq-sys-66865d2f789d4582/out/build/CMakeFiles/CMakeTmp/src.c
/home/marek/code/gary/zmq_comm/target/debug/build/zmq-sys-66865d2f789d4582/out/build/CMakeFiles/CMakeTmp/src.c: In function ‘main’:
/home/marek/code/gary/zmq_comm/target/debug/build/zmq-sys-66865d2f789d4582/out/build/CMakeFiles/CMakeTmp/src.c:6:5: error: implicit declaration of function ‘pthread_set_name_np’; did you mean ‘pthread_setname_np’? [-Werror=implicit-function-declaration]
     pthread_set_name_np (pthread_self(), "foo");
     ^~~~~~~~~~~~~~~~~~~
     pthread_setname_np
/home/marek/code/gary/zmq_comm/target/debug/build/zmq-sys-66865d2f789d4582/out/build/CMakeFiles/CMakeTmp/src.c: At top level:
cc1: error: unrecognized command line option ‘-Wno-tautological-constant-compare’ [-Werror]
cc1: all warnings being treated as errors
make[1]: *** [CMakeFiles/cmTC_527e2.dir/build.make:66: CMakeFiles/cmTC_527e2.dir/src.c.o] Error 1
make[1]: Leaving directory '/home/marek/code/gary/zmq_comm/target/debug/build/zmq-sys-66865d2f789d4582/out/build/CMakeFiles/CMakeTmp'
make: *** [Makefile:121: cmTC_527e2/fast] Error 2

...and run output:

Return value: 1
Source file was:

#include <pthread.h>

int main(int argc, char *argv [])
{
    pthread_set_name_np (pthread_self(), "foo");
    return 0;
}

